ncverilog: 10.20-s114: (c) Copyright 1995-2012 Cadence Design Systems, Inc.
TOOL:	ncverilog	10.20-s114: Started on Apr 12, 2018 at 16:31:35 CST
ncverilog
	tb.v
	alu.v
	+access+r
Recompiling... reason: file './tb.v' is newer than expected.
	expected: Wed Apr 11 22:53:48 2018
	actual:   Thu Apr 12 16:30:34 2018
file: tb.v
	module worklib.alu_rtl_tb:v
		errors: 0, warnings: 0
		Caching library 'worklib' ....... Done
	Elaborating the design hierarchy:
	Building instance overlay tables: .................... Done
	Generating native compiled code:
		worklib.alu_rtl_tb:v <0x3783bb02>
			streams:   3, words: 13146
	Loading native compiled code:     .................... Done
	Building instance specific data structures.
	Design hierarchy summary:
		                  Instances  Unique
		Modules:                  2       2
		Registers:                9       9
		Scalar wires:             1       -
		Vectored wires:           4       -
		Always blocks:            2       2
		Initial blocks:           2       2
		Simulation timescale:  10ps
	Writing initial simulation snapshot: worklib.alu_rtl_tb:v
Loading snapshot worklib.alu_rtl_tb:v .................... Done
ncsim> source /usr/cad/cadence/INCISIV/cur/tools/inca/files/ncsimrc
ncsim> run
error on (0)
Simulation complete via $finish(1) at time 120 NS + 0
./tb.v:150         $finish;
ncsim> exit
TOOL:	ncverilog	10.20-s114: Exiting on Apr 12, 2018 at 16:31:37 CST  (total: 00:00:02)
