ncverilog: 10.20-s114: (c) Copyright 1995-2012 Cadence Design Systems, Inc.
TOOL:	ncverilog	10.20-s114: Started on Apr 11, 2018 at 22:44:38 CST
ncverilog
	tb.v
	alu_rtl.v
	+access+r
Recompiling... reason: file './tb.v' is newer than expected.
	expected: Wed Apr 11 22:44:20 2018
	actual:   Wed Apr 11 22:44:36 2018
file: tb.v
        if (out != 8'd11111110 || carry != 1'b0) $display( "error on (%b)", carry );
                             |
ncvlog: *W,INTOVF (tb.v,48|29): bit overflow during conversion from text [2.5(IEEE)] (8 bits).
	module worklib.alu_rtl_tb:v
		errors: 0, warnings: 1
		Caching library 'worklib' ....... Done
	Elaborating the design hierarchy:
	Building instance overlay tables: .................... Done
	Generating native compiled code:
		worklib.alu_rtl_tb:v <0x3a12ff2b>
			streams:   2, words: 12800
	Loading native compiled code:     .................... Done
	Building instance specific data structures.
	Design hierarchy summary:
		                  Instances  Unique
		Modules:                  2       2
		Registers:                5       5
		Scalar wires:             1       -
		Vectored wires:          34       -
		Always blocks:            1       1
		Initial blocks:           1       1
		Cont. assignments:       18      32
		Simulation timescale:  10ps
	Writing initial simulation snapshot: worklib.alu_rtl_tb:v
Loading snapshot worklib.alu_rtl_tb:v .................... Done
ncsim> source /usr/cad/cadence/INCISIV/cur/tools/inca/files/ncsimrc
ncsim> run
error on (0)
Simulation complete via $finish(1) at time 120 NS + 0
./tb.v:150         $finish;
ncsim> exit
TOOL:	ncverilog	10.20-s114: Exiting on Apr 11, 2018 at 22:44:39 CST  (total: 00:00:01)
